<?xml version="1.0" encoding="UTF-8"?>
<testsuite xmlns:xsi="http://www.w3.org/2001/XMLSchema-instance" xsi:noNamespaceSchemaLocation="https://maven.apache.org/surefire/maven-surefire-plugin/xsd/surefire-test-report-3.0.xsd" version="3.0" name="observer.GestorEstadoCabinaTest" time="0.05" tests="4" errors="0" skipped="0" failures="2">
  <properties>
[...]
</properties>
  <testcase name="removerCabinaTest" classname="observer.GestorEstadoCabinaTest" time="0.026">
    <failure message="expected: &lt;true&gt; but was: &lt;false&gt;" type="org.opentest4j.AssertionFailedError"><![CDATA[org.opentest4j.AssertionFailedError: expected: <true> but was: <false>
	at org.junit.jupiter.api.AssertionFailureBuilder.build(AssertionFailureBuilder.java:151)
	at org.junit.jupiter.api.AssertionFailureBuilder.buildAndThrow(AssertionFailureBuilder.java:132)
	at org.junit.jupiter.api.AssertTrue.failNotTrue(AssertTrue.java:63)
	at org.junit.jupiter.api.AssertTrue.assertTrue(AssertTrue.java:36)
	at org.junit.jupiter.api.AssertTrue.assertTrue(AssertTrue.java:31)
	at org.junit.jupiter.api.Assertions.assertTrue(Assertions.java:183)
	at observer.GestorEstadoCabinaTest.removerCabinaTest(GestorEstadoCabinaTest.java:48)
	at java.base/java.lang.reflect.Method.invoke(Method.java:578)
	at java.base/java.util.ArrayList.forEach(ArrayList.java:1511)
	at java.base/java.util.ArrayList.forEach(ArrayList.java:1511)
]]></failure>
    <system-err><![CDATA[ene 30, 2025 5:59:16 P. M. org.junit.jupiter.engine.descriptor.JupiterTestDescriptor lambda$getTags$1
WARNING: Configuration error: invalid tag syntax in @Tag("Borrar cabina correctamente a la lista de cabinas") declaration on [void observer.GestorEstadoCabinaTest.removerCabinaTest()]. Tag will be ignored.
ene 30, 2025 5:59:16 P. M. org.junit.jupiter.engine.descriptor.JupiterTestDescriptor lambda$getTags$1
WARNING: Configuration error: invalid tag syntax in @Tag("Agregar cabina correctamente a la lista de cabinas") declaration on [void observer.GestorEstadoCabinaTest.agregarCabinaTest()]. Tag will be ignored.
ene 30, 2025 5:59:16 P. M. org.junit.jupiter.engine.descriptor.JupiterTestDescriptor lambda$getTags$1
WARNING: Configuration error: invalid tag syntax in @Tag("Borrar cabina incorrectamente a la lista de cabinas") declaration on [void observer.GestorEstadoCabinaTest.removerCabinaNullTest()]. Tag will be ignored.
ene 30, 2025 5:59:16 P. M. org.junit.jupiter.engine.descriptor.JupiterTestDescriptor lambda$getTags$1
WARNING: Configuration error: invalid tag syntax in @Tag("Agregar cabina incorrectaamente a la lista de cabinas") declaration on [void observer.GestorEstadoCabinaTest.agregarCabinaNullTest()]. Tag will be ignored.
ene 30, 2025 5:59:16 P. M. org.junit.jupiter.engine.descriptor.JupiterTestDescriptor lambda$getTags$1
WARNING: Configuration error: invalid tag syntax in @Tag("Borrar cabina correctamente a la lista de cabinas") declaration on [void observer.GestorEstadoCabinaTest.removerCabinaTest()]. Tag will be ignored.
ene 30, 2025 5:59:16 P. M. org.junit.jupiter.engine.descriptor.JupiterTestDescriptor lambda$getTags$1
WARNING: Configuration error: invalid tag syntax in @Tag("Agregar cabina correctamente a la lista de cabinas") declaration on [void observer.GestorEstadoCabinaTest.agregarCabinaTest()]. Tag will be ignored.
ene 30, 2025 5:59:16 P. M. org.junit.jupiter.engine.descriptor.JupiterTestDescriptor lambda$getTags$1
WARNING: Configuration error: invalid tag syntax in @Tag("Borrar cabina incorrectamente a la lista de cabinas") declaration on [void observer.GestorEstadoCabinaTest.removerCabinaNullTest()]. Tag will be ignored.
ene 30, 2025 5:59:16 P. M. org.junit.jupiter.engine.descriptor.JupiterTestDescriptor lambda$getTags$1
WARNING: Configuration error: invalid tag syntax in @Tag("Agregar cabina incorrectaamente a la lista de cabinas") declaration on [void observer.GestorEstadoCabinaTest.agregarCabinaNullTest()]. Tag will be ignored.
]]></system-err>
  </testcase>
  <testcase name="agregarCabinaTest" classname="observer.GestorEstadoCabinaTest" time="0.002"/>
  <testcase name="removerCabinaNullTest" classname="observer.GestorEstadoCabinaTest" time="0.001"/>
  <testcase name="agregarCabinaNullTest" classname="observer.GestorEstadoCabinaTest" time="0.001">
    <failure message="expected: &lt;false&gt; but was: &lt;true&gt;" type="org.opentest4j.AssertionFailedError"><![CDATA[org.opentest4j.AssertionFailedError: expected: <false> but was: <true>
	at org.junit.jupiter.api.AssertionFailureBuilder.build(AssertionFailureBuilder.java:151)
	at org.junit.jupiter.api.AssertionFailureBuilder.buildAndThrow(AssertionFailureBuilder.java:132)
	at org.junit.jupiter.api.AssertFalse.failNotFalse(AssertFalse.java:63)
	at org.junit.jupiter.api.AssertFalse.assertFalse(AssertFalse.java:36)
	at org.junit.jupiter.api.AssertFalse.assertFalse(AssertFalse.java:31)
	at org.junit.jupiter.api.Assertions.assertFalse(Assertions.java:231)
	at observer.GestorEstadoCabinaTest.agregarCabinaNullTest(GestorEstadoCabinaTest.java:42)
	at java.base/java.lang.reflect.Method.invoke(Method.java:578)
	at java.base/java.util.ArrayList.forEach(ArrayList.java:1511)
	at java.base/java.util.ArrayList.forEach(ArrayList.java:1511)
]]></failure>
  </testcase>
</testsuite>