<?xml version="1.0" encoding="UTF-8"?>
<testsuite xmlns:xsi="http://www.w3.org/2001/XMLSchema-instance" xsi:noNamespaceSchemaLocation="https://maven.apache.org/surefire/maven-surefire-plugin/xsd/surefire-test-report-3.0.xsd" version="3.0" name="factoryMethod.CabinaBalconFactoryTest" time="0.048" tests="3" errors="0" skipped="0" failures="2">
  <properties>
[...]
</properties>
  <testcase name="creacionDeCabinaBalconDatosCorrectos" classname="factoryMethod.CabinaBalconFactoryTest" time="0.023">
    <system-err><![CDATA[ene 30, 2025 4:29:57 P. M. org.junit.jupiter.engine.descriptor.JupiterTestDescriptor lambda$getTags$1
WARNING: Configuration error: invalid tag syntax in @Tag("Creacion de una cabina con datos correctos") declaration on [void factoryMethod.CabinaBalconFactoryTest.creacionDeCabinaBalconDatosCorrectos()]. Tag will be ignored.
ene 30, 2025 4:29:57 P. M. org.junit.jupiter.engine.descriptor.JupiterTestDescriptor lambda$getTags$1
WARNING: Configuration error: invalid tag syntax in @Tag("Creacion de una cabina con datos aleatorios") declaration on [void factoryMethod.CabinaBalconFactoryTest.creacionDeCabinaBalconDatosAleatorios()]. Tag will be ignored.
ene 30, 2025 4:29:57 P. M. org.junit.jupiter.engine.descriptor.JupiterTestDescriptor lambda$getTags$1
WARNING: Configuration error: invalid tag syntax in @Tag("Creacion de una cabina nula") declaration on [void factoryMethod.CabinaBalconFactoryTest.creacionDeCabinaBalconNull()]. Tag will be ignored.
ene 30, 2025 4:29:57 P. M. org.junit.jupiter.engine.descriptor.JupiterTestDescriptor lambda$getTags$1
WARNING: Configuration error: invalid tag syntax in @Tag("Creacion de una cabina con datos aleatorios") declaration on [void factoryMethod.CabinaFamiliarFactoryTest.creacionDeCabinaFamiliarDatosAleatorios()]. Tag will be ignored.
ene 30, 2025 4:29:57 P. M. org.junit.jupiter.engine.descriptor.JupiterTestDescriptor lambda$getTags$1
WARNING: Configuration error: invalid tag syntax in @Tag("Creacion de una cabina nula") declaration on [void factoryMethod.CabinaFamiliarFactoryTest.creacionDeCabinaFamiliarNull()]. Tag will be ignored.
ene 30, 2025 4:29:57 P. M. org.junit.jupiter.engine.descriptor.JupiterTestDescriptor lambda$getTags$1
WARNING: Configuration error: invalid tag syntax in @Tag("Creacion de una cabina con datos correctos") declaration on [void factoryMethod.CabinaFamiliarFactoryTest.creacionDeCabinaFamiliarDatosCorrectos()]. Tag will be ignored.
ene 30, 2025 4:29:57 P. M. org.junit.jupiter.engine.descriptor.JupiterTestDescriptor lambda$getTags$1
WARNING: Configuration error: invalid tag syntax in @Tag("Creacion de una cabina con datos correctos") declaration on [void factoryMethod.CabinaBalconFactoryTest.creacionDeCabinaBalconDatosCorrectos()]. Tag will be ignored.
ene 30, 2025 4:29:57 P. M. org.junit.jupiter.engine.descriptor.JupiterTestDescriptor lambda$getTags$1
WARNING: Configuration error: invalid tag syntax in @Tag("Creacion de una cabina con datos aleatorios") declaration on [void factoryMethod.CabinaBalconFactoryTest.creacionDeCabinaBalconDatosAleatorios()]. Tag will be ignored.
ene 30, 2025 4:29:57 P. M. org.junit.jupiter.engine.descriptor.JupiterTestDescriptor lambda$getTags$1
WARNING: Configuration error: invalid tag syntax in @Tag("Creacion de una cabina nula") declaration on [void factoryMethod.CabinaBalconFactoryTest.creacionDeCabinaBalconNull()]. Tag will be ignored.
ene 30, 2025 4:29:57 P. M. org.junit.jupiter.engine.descriptor.JupiterTestDescriptor lambda$getTags$1
WARNING: Configuration error: invalid tag syntax in @Tag("Creacion de una cabina con datos aleatorios") declaration on [void factoryMethod.CabinaFamiliarFactoryTest.creacionDeCabinaFamiliarDatosAleatorios()]. Tag will be ignored.
ene 30, 2025 4:29:57 P. M. org.junit.jupiter.engine.descriptor.JupiterTestDescriptor lambda$getTags$1
WARNING: Configuration error: invalid tag syntax in @Tag("Creacion de una cabina nula") declaration on [void factoryMethod.CabinaFamiliarFactoryTest.creacionDeCabinaFamiliarNull()]. Tag will be ignored.
ene 30, 2025 4:29:57 P. M. org.junit.jupiter.engine.descriptor.JupiterTestDescriptor lambda$getTags$1
WARNING: Configuration error: invalid tag syntax in @Tag("Creacion de una cabina con datos correctos") declaration on [void factoryMethod.CabinaFamiliarFactoryTest.creacionDeCabinaFamiliarDatosCorrectos()]. Tag will be ignored.
]]></system-err>
  </testcase>
  <testcase name="creacionDeCabinaBalconDatosAleatorios" classname="factoryMethod.CabinaBalconFactoryTest" time="0.005">
    <failure message="expected: &lt;null&gt; but was: &lt;factoryMethod.CabinaBalcon@368f2016&gt;" type="org.opentest4j.AssertionFailedError"><![CDATA[org.opentest4j.AssertionFailedError: expected: <null> but was: <factoryMethod.CabinaBalcon@368f2016>
	at org.junit.jupiter.api.AssertionFailureBuilder.build(AssertionFailureBuilder.java:151)
	at org.junit.jupiter.api.AssertionFailureBuilder.buildAndThrow(AssertionFailureBuilder.java:132)
	at org.junit.jupiter.api.AssertEquals.failNotEqual(AssertEquals.java:197)
	at org.junit.jupiter.api.AssertEquals.assertEquals(AssertEquals.java:182)
	at org.junit.jupiter.api.AssertEquals.assertEquals(AssertEquals.java:177)
	at org.junit.jupiter.api.Assertions.assertEquals(Assertions.java:1145)
	at factoryMethod.CabinaBalconFactoryTest.creacionDeCabinaBalconDatosAleatorios(CabinaBalconFactoryTest.java:26)
	at java.base/java.lang.reflect.Method.invoke(Method.java:578)
	at java.base/java.util.ArrayList.forEach(ArrayList.java:1511)
	at java.base/java.util.ArrayList.forEach(ArrayList.java:1511)
]]></failure>
  </testcase>
  <testcase name="creacionDeCabinaBalconNull" classname="factoryMethod.CabinaBalconFactoryTest" time="0.001">
    <failure message="expected: &lt;null&gt; but was: &lt;factoryMethod.CabinaBalcon@62379589&gt;" type="org.opentest4j.AssertionFailedError"><![CDATA[org.opentest4j.AssertionFailedError: expected: <null> but was: <factoryMethod.CabinaBalcon@62379589>
	at org.junit.jupiter.api.AssertionFailureBuilder.build(AssertionFailureBuilder.java:151)
	at org.junit.jupiter.api.AssertionFailureBuilder.buildAndThrow(AssertionFailureBuilder.java:132)
	at org.junit.jupiter.api.AssertEquals.failNotEqual(AssertEquals.java:197)
	at org.junit.jupiter.api.AssertEquals.assertEquals(AssertEquals.java:182)
	at org.junit.jupiter.api.AssertEquals.assertEquals(AssertEquals.java:177)
	at org.junit.jupiter.api.Assertions.assertEquals(Assertions.java:1145)
	at factoryMethod.CabinaBalconFactoryTest.creacionDeCabinaBalconNull(CabinaBalconFactoryTest.java:17)
	at java.base/java.lang.reflect.Method.invoke(Method.java:578)
	at java.base/java.util.ArrayList.forEach(ArrayList.java:1511)
	at java.base/java.util.ArrayList.forEach(ArrayList.java:1511)
]]></failure>
  </testcase>
</testsuite>