<?xml version="1.0" encoding="UTF-8"?>
<testsuite xmlns:xsi="http://www.w3.org/2001/XMLSchema-instance" xsi:noNamespaceSchemaLocation="https://maven.apache.org/surefire/maven-surefire-plugin/xsd/surefire-test-report-3.0.xsd" version="3.0" name="factoryMethod.CabinaBalconFactoryTest" time="0.048" tests="3" errors="0" skipped="0" failures="2">
  <properties>
    <property name="java.specification.version" value="19"/>
    <property name="sun.cpu.isalist" value="amd64"/>
    <property name="sun.jnu.encoding" value="Cp1252"/>
    <property name="java.class.path" value="C:\Users\Leo\Documents\GitHub\tarea3\target\test-classes;C:\Users\Leo\Documents\GitHub\tarea3\target\classes;C:\Users\Leo\.m2\repository\org\junit\jupiter\junit-jupiter-api\5.10.2\junit-jupiter-api-5.10.2.jar;C:\Users\Leo\.m2\repository\org\opentest4j\opentest4j\1.3.0\opentest4j-1.3.0.jar;C:\Users\Leo\.m2\repository\org\junit\platform\junit-platform-commons\1.10.2\junit-platform-commons-1.10.2.jar;C:\Users\Leo\.m2\repository\org\apiguardian\apiguardian-api\1.1.2\apiguardian-api-1.1.2.jar;C:\Users\Leo\.m2\repository\org\junit\jupiter\junit-jupiter-params\5.10.2\junit-jupiter-params-5.10.2.jar;C:\Users\Leo\.m2\repository\org\junit\jupiter\junit-jupiter-engine\5.10.2\junit-jupiter-engine-5.10.2.jar;C:\Users\Leo\.m2\repository\org\junit\platform\junit-platform-engine\1.10.2\junit-platform-engine-1.10.2.jar;"/>
    <property name="java.vm.vendor" value="Oracle Corporation"/>
    <property name="sun.arch.data.model" value="64"/>
    <property name="user.variant" value=""/>
    <property name="java.vendor.url" value="https://java.oracle.com/"/>
    <property name="user.timezone" value="America/Guayaquil"/>
    <property name="os.name" value="Windows 10"/>
    <property name="java.vm.specification.version" value="19"/>
    <property name="user.country" value="EC"/>
    <property name="sun.java.launcher" value="SUN_STANDARD"/>
    <property name="sun.boot.library.path" value="C:\Program Files\Java\jdk-19\bin"/>
    <property name="sun.java.command" value="C:\Users\Leo\AppData\Local\Temp\surefire16492575487261501393\surefirebooter-20250130162956736_3.jar C:\Users\Leo\AppData\Local\Temp\surefire16492575487261501393 2025-01-30T16-29-56_628-jvmRun1 surefire-20250130162956736_1tmp surefire_0-20250130162956736_2tmp"/>
    <property name="jdk.debug" value="release"/>
    <property name="test" value="factoryMethod.**.*Test"/>
    <property name="surefire.test.class.path" value="C:\Users\Leo\Documents\GitHub\tarea3\target\test-classes;C:\Users\Leo\Documents\GitHub\tarea3\target\classes;C:\Users\Leo\.m2\repository\org\junit\jupiter\junit-jupiter-api\5.10.2\junit-jupiter-api-5.10.2.jar;C:\Users\Leo\.m2\repository\org\opentest4j\opentest4j\1.3.0\opentest4j-1.3.0.jar;C:\Users\Leo\.m2\repository\org\junit\platform\junit-platform-commons\1.10.2\junit-platform-commons-1.10.2.jar;C:\Users\Leo\.m2\repository\org\apiguardian\apiguardian-api\1.1.2\apiguardian-api-1.1.2.jar;C:\Users\Leo\.m2\repository\org\junit\jupiter\junit-jupiter-params\5.10.2\junit-jupiter-params-5.10.2.jar;C:\Users\Leo\.m2\repository\org\junit\jupiter\junit-jupiter-engine\5.10.2\junit-jupiter-engine-5.10.2.jar;C:\Users\Leo\.m2\repository\org\junit\platform\junit-platform-engine\1.10.2\junit-platform-engine-1.10.2.jar;"/>
    <property name="sun.cpu.endian" value="little"/>
    <property name="user.home" value="C:\Users\Leo"/>
    <property name="user.language" value="es"/>
    <property name="java.specification.vendor" value="Oracle Corporation"/>
    <property name="java.version.date" value="2023-01-17"/>
    <property name="java.home" value="C:\Program Files\Java\jdk-19"/>
    <property name="file.separator" value="\"/>
    <property name="basedir" value="C:\Users\Leo\Documents\GitHub\tarea3"/>
    <property name="java.vm.compressedOopsMode" value="Zero based"/>
    <property name="line.separator" value="&#10;"/>
    <property name="java.vm.specification.vendor" value="Oracle Corporation"/>
    <property name="java.specification.name" value="Java Platform API Specification"/>
    <property name="surefire.real.class.path" value="C:\Users\Leo\AppData\Local\Temp\surefire16492575487261501393\surefirebooter-20250130162956736_3.jar"/>
    <property name="user.script" value=""/>
    <property name="sun.management.compiler" value="HotSpot 64-Bit Tiered Compilers"/>
    <property name="java.runtime.version" value="19.0.2+7-44"/>
    <property name="user.name" value="Leo"/>
    <property name="stdout.encoding" value="Cp1252"/>
    <property name="path.separator" value=";"/>
    <property name="os.version" value="10.0"/>
    <property name="java.runtime.name" value="Java(TM) SE Runtime Environment"/>
    <property name="file.encoding" value="UTF-8"/>
    <property name="java.vm.name" value="Java HotSpot(TM) 64-Bit Server VM"/>
    <property name="maven.ext.class.path" value="C:\Program Files\NetBeans-22\netbeans\java\maven-nblib\netbeans-eventspy.jar"/>
    <property name="localRepository" value="C:\Users\Leo\.m2\repository"/>
    <property name="java.vendor.url.bug" value="https://bugreport.java.com/bugreport/"/>
    <property name="java.io.tmpdir" value="C:\Users\Leo\AppData\Local\Temp\"/>
    <property name="java.version" value="19.0.2"/>
    <property name="user.dir" value="C:\Users\Leo\Documents\GitHub\tarea3"/>
    <property name="os.arch" value="amd64"/>
    <property name="java.vm.specification.name" value="Java Virtual Machine Specification"/>
    <property name="sun.os.patch.level" value=""/>
    <property name="native.encoding" value="Cp1252"/>
    <property name="java.library.path" value="C:\Program Files\Java\jdk-19\bin;C:\Windows\Sun\Java\bin;C:\Windows\system32;C:\Windows;C:\Python313\Scripts\;C:\Python313\;C:\Program Files\Eclipse Adoptium\jdk-17.0.7.7-hotspot\bin;C:\Program Files\Common Files\Oracle\Java\javapath;C:\Windows\system32;C:\Windows;C:\Windows\System32\Wbem;C:\Windows\System32\WindowsPowerShell\v1.0\;C:\Windows\System32\OpenSSH\;C:\Program Files\nodejs\;C:\ProgramData\chocolatey\bin;C:\Program Files\MySQL\MySQL Shell 8.0\bin\;C:\Users\Leo\AppData\Local\Programs\Python\Python311\Scripts\;C:\Users\Leo\AppData\Local\Programs\Python\Python311\;C:\Users\Leo\AppData\Local\Microsoft\WindowsApps;C:\Program Files\JetBrains\PyCharm Community Edition 2022.3.2\bin;;C:\ProgramData\Leo\GitHubDesktop\bin;C:\Users\Leo\AppData\Local\GitHubDesktop\bin;C:\Users\Leo\AppData\Local\Programs\Microsoft VS Code\bin;C:\Users\Leo\AppData\Roaming\npm;."/>
    <property name="java.vm.info" value="mixed mode, sharing"/>
    <property name="stderr.encoding" value="Cp1252"/>
    <property name="java.vendor" value="Oracle Corporation"/>
    <property name="java.vm.version" value="19.0.2+7-44"/>
    <property name="sun.io.unicode.encoding" value="UnicodeLittle"/>
    <property name="java.class.version" value="63.0"/>
  </properties>
  <testcase name="creacionDeCabinaBalconDatosCorrectos" classname="factoryMethod.CabinaBalconFactoryTest" time="0.023">
    <system-err><![CDATA[ene 30, 2025 4:29:57 P. M. org.junit.jupiter.engine.descriptor.JupiterTestDescriptor lambda$getTags$1
WARNING: Configuration error: invalid tag syntax in @Tag("Creacion de una cabina con datos correctos") declaration on [void factoryMethod.CabinaBalconFactoryTest.creacionDeCabinaBalconDatosCorrectos()]. Tag will be ignored.
ene 30, 2025 4:29:57 P. M. org.junit.jupiter.engine.descriptor.JupiterTestDescriptor lambda$getTags$1
WARNING: Configuration error: invalid tag syntax in @Tag("Creacion de una cabina con datos aleatorios") declaration on [void factoryMethod.CabinaBalconFactoryTest.creacionDeCabinaBalconDatosAleatorios()]. Tag will be ignored.
ene 30, 2025 4:29:57 P. M. org.junit.jupiter.engine.descriptor.JupiterTestDescriptor lambda$getTags$1
WARNING: Configuration error: invalid tag syntax in @Tag("Creacion de una cabina nula") declaration on [void factoryMethod.CabinaBalconFactoryTest.creacionDeCabinaBalconNull()]. Tag will be ignored.
ene 30, 2025 4:29:57 P. M. org.junit.jupiter.engine.descriptor.JupiterTestDescriptor lambda$getTags$1
WARNING: Configuration error: invalid tag syntax in @Tag("Creacion de una cabina con datos aleatorios") declaration on [void factoryMethod.CabinaFamiliarFactoryTest.creacionDeCabinaFamiliarDatosAleatorios()]. Tag will be ignored.
ene 30, 2025 4:29:57 P. M. org.junit.jupiter.engine.descriptor.JupiterTestDescriptor lambda$getTags$1
WARNING: Configuration error: invalid tag syntax in @Tag("Creacion de una cabina nula") declaration on [void factoryMethod.CabinaFamiliarFactoryTest.creacionDeCabinaFamiliarNull()]. Tag will be ignored.
ene 30, 2025 4:29:57 P. M. org.junit.jupiter.engine.descriptor.JupiterTestDescriptor lambda$getTags$1
WARNING: Configuration error: invalid tag syntax in @Tag("Creacion de una cabina con datos correctos") declaration on [void factoryMethod.CabinaFamiliarFactoryTest.creacionDeCabinaFamiliarDatosCorrectos()]. Tag will be ignored.
ene 30, 2025 4:29:57 P. M. org.junit.jupiter.engine.descriptor.JupiterTestDescriptor lambda$getTags$1
WARNING: Configuration error: invalid tag syntax in @Tag("Creacion de una cabina con datos correctos") declaration on [void factoryMethod.CabinaBalconFactoryTest.creacionDeCabinaBalconDatosCorrectos()]. Tag will be ignored.
ene 30, 2025 4:29:57 P. M. org.junit.jupiter.engine.descriptor.JupiterTestDescriptor lambda$getTags$1
WARNING: Configuration error: invalid tag syntax in @Tag("Creacion de una cabina con datos aleatorios") declaration on [void factoryMethod.CabinaBalconFactoryTest.creacionDeCabinaBalconDatosAleatorios()]. Tag will be ignored.
ene 30, 2025 4:29:57 P. M. org.junit.jupiter.engine.descriptor.JupiterTestDescriptor lambda$getTags$1
WARNING: Configuration error: invalid tag syntax in @Tag("Creacion de una cabina nula") declaration on [void factoryMethod.CabinaBalconFactoryTest.creacionDeCabinaBalconNull()]. Tag will be ignored.
ene 30, 2025 4:29:57 P. M. org.junit.jupiter.engine.descriptor.JupiterTestDescriptor lambda$getTags$1
WARNING: Configuration error: invalid tag syntax in @Tag("Creacion de una cabina con datos aleatorios") declaration on [void factoryMethod.CabinaFamiliarFactoryTest.creacionDeCabinaFamiliarDatosAleatorios()]. Tag will be ignored.
ene 30, 2025 4:29:57 P. M. org.junit.jupiter.engine.descriptor.JupiterTestDescriptor lambda$getTags$1
WARNING: Configuration error: invalid tag syntax in @Tag("Creacion de una cabina nula") declaration on [void factoryMethod.CabinaFamiliarFactoryTest.creacionDeCabinaFamiliarNull()]. Tag will be ignored.
ene 30, 2025 4:29:57 P. M. org.junit.jupiter.engine.descriptor.JupiterTestDescriptor lambda$getTags$1
WARNING: Configuration error: invalid tag syntax in @Tag("Creacion de una cabina con datos correctos") declaration on [void factoryMethod.CabinaFamiliarFactoryTest.creacionDeCabinaFamiliarDatosCorrectos()]. Tag will be ignored.
]]></system-err>
  </testcase>
  <testcase name="creacionDeCabinaBalconDatosAleatorios" classname="factoryMethod.CabinaBalconFactoryTest" time="0.005">
    <failure message="expected: &lt;null&gt; but was: &lt;factoryMethod.CabinaBalcon@368f2016&gt;" type="org.opentest4j.AssertionFailedError"><![CDATA[org.opentest4j.AssertionFailedError: expected: <null> but was: <factoryMethod.CabinaBalcon@368f2016>
	at org.junit.jupiter.api.AssertionFailureBuilder.build(AssertionFailureBuilder.java:151)
	at org.junit.jupiter.api.AssertionFailureBuilder.buildAndThrow(AssertionFailureBuilder.java:132)
	at org.junit.jupiter.api.AssertEquals.failNotEqual(AssertEquals.java:197)
	at org.junit.jupiter.api.AssertEquals.assertEquals(AssertEquals.java:182)
	at org.junit.jupiter.api.AssertEquals.assertEquals(AssertEquals.java:177)
	at org.junit.jupiter.api.Assertions.assertEquals(Assertions.java:1145)
	at factoryMethod.CabinaBalconFactoryTest.creacionDeCabinaBalconDatosAleatorios(CabinaBalconFactoryTest.java:26)
	at java.base/java.lang.reflect.Method.invoke(Method.java:578)
	at java.base/java.util.ArrayList.forEach(ArrayList.java:1511)
	at java.base/java.util.ArrayList.forEach(ArrayList.java:1511)
]]></failure>
  </testcase>
  <testcase name="creacionDeCabinaBalconNull" classname="factoryMethod.CabinaBalconFactoryTest" time="0.001">
    <failure message="expected: &lt;null&gt; but was: &lt;factoryMethod.CabinaBalcon@62379589&gt;" type="org.opentest4j.AssertionFailedError"><![CDATA[org.opentest4j.AssertionFailedError: expected: <null> but was: <factoryMethod.CabinaBalcon@62379589>
	at org.junit.jupiter.api.AssertionFailureBuilder.build(AssertionFailureBuilder.java:151)
	at org.junit.jupiter.api.AssertionFailureBuilder.buildAndThrow(AssertionFailureBuilder.java:132)
	at org.junit.jupiter.api.AssertEquals.failNotEqual(AssertEquals.java:197)
	at org.junit.jupiter.api.AssertEquals.assertEquals(AssertEquals.java:182)
	at org.junit.jupiter.api.AssertEquals.assertEquals(AssertEquals.java:177)
	at org.junit.jupiter.api.Assertions.assertEquals(Assertions.java:1145)
	at factoryMethod.CabinaBalconFactoryTest.creacionDeCabinaBalconNull(CabinaBalconFactoryTest.java:17)
	at java.base/java.lang.reflect.Method.invoke(Method.java:578)
	at java.base/java.util.ArrayList.forEach(ArrayList.java:1511)
	at java.base/java.util.ArrayList.forEach(ArrayList.java:1511)
]]></failure>
  </testcase>
</testsuite>